<?xml version="1.0" encoding="UTF-8"?>
<!-- Generated by org.testng.reporters.JUnitXMLReporter -->
<testsuite ignored="0" hostname="Mukeshs-MacBook-Air.local" failures="0" tests="3" name="Default test" time="11.383" errors="0" timestamp="2025-04-04T13:34:02 IST">
  <testcase classname="api.test.DataDrivenTests" name="testPostUser" time="5.683"/>
  <testcase classname="api.test.DataDrivenTests" name="testPostUser" time="1.235"/>
  <testcase classname="api.test.DataDrivenTests" name="testPostUser" time="1.187"/>
</testsuite> <!-- Default test -->
