<?xml version="1.0" encoding="UTF-8"?>
<!-- Generated by org.testng.reporters.JUnitXMLReporter -->
<testsuite ignored="0" hostname="Mukeshs-MacBook-Air.local" failures="0" tests="12" name="PetTests" time="27.17" errors="0" timestamp="2025-05-12T19:53:22 IST">
  <testcase classname="api.test.DataDrivenTests" name="testPostUser" time="4.762"/>
  <testcase classname="api.test.DataDrivenTests" name="testPostUser" time="1.403"/>
  <testcase classname="api.test.DataDrivenTests" name="testPostUser" time="1.35"/>
  <testcase classname="api.test.UserTests" name="testPostUser" time="1.421"/>
  <testcase classname="api.test.UserTests" name="testGetUserByName" time="1.346"/>
  <testcase classname="api.test.UserTests" name="testUpdateUserByName" time="2.612"/>
  <testcase classname="api.test.UserTests" name="testDeleteUserByName" time="1.396"/>
  <testcase classname="api.test.UserTests2" name="testPostUser" time="1.355"/>
  <testcase classname="api.test.UserTests2" name="testGetUserByName" time="1.409">
    <skipped/>
  </testcase> <!-- testGetUserByName -->
  <testcase classname="api.test.UserTests2" name="testGetUserByName" time="1.361"/>
  <testcase classname="api.test.UserTests2" name="testUpdateUserByName" time="2.664"/>
  <testcase classname="api.test.UserTests2" name="testDeleteUserByName" time="1.327"/>
</testsuite> <!-- PetTests -->
